<?xml version="1.0" encoding="UTF-8"?>
<coverage generated="1602159904135" clover="3.2.0">
  <project timestamp="1602159904135" name="All files">
    <metrics statements="21" coveredstatements="21" conditionals="2" coveredconditionals="2" methods="11" coveredmethods="11" elements="34" coveredelements="34" complexity="0" loc="21" ncloc="21" packages="1" files="4" classes="4"/>
    <file name="Airport.js" path="/Users/STE94/Documents/Bootcamp/Week_1/Airports/Airport.js">
      <metrics statements="8" coveredstatements="8" conditionals="0" coveredconditionals="0" methods="4" coveredmethods="4"/>
      <line num="3" count="2" type="stmt"/>
      <line num="6" count="8" type="stmt"/>
      <line num="7" count="8" type="stmt"/>
      <line num="9" count="8" type="stmt"/>
      <line num="12" count="5" type="stmt"/>
      <line num="16" count="1" type="stmt"/>
      <line num="17" count="1" type="stmt"/>
      <line num="21" count="2" type="stmt"/>
    </file>
    <file name="Bag.js" path="/Users/STE94/Documents/Bootcamp/Week_1/Airports/Bag.js">
      <metrics statements="3" coveredstatements="3" conditionals="2" coveredconditionals="2" methods="1" coveredmethods="1"/>
      <line num="4" count="9" type="cond" truecount="2" falsecount="0"/>
      <line num="5" count="8" type="stmt"/>
      <line num="10" count="1" type="stmt"/>
    </file>
    <file name="Person.js" path="/Users/STE94/Documents/Bootcamp/Week_1/Airports/Person.js">
      <metrics statements="6" coveredstatements="6" conditionals="0" coveredconditionals="0" methods="4" coveredmethods="4"/>
      <line num="3" count="11" type="stmt"/>
      <line num="4" count="11" type="stmt"/>
      <line num="7" count="5" type="stmt"/>
      <line num="15" count="1" type="stmt"/>
      <line num="21" count="1" type="stmt"/>
      <line num="25" count="2" type="stmt"/>
    </file>
    <file name="Planes.js" path="/Users/STE94/Documents/Bootcamp/Week_1/Airports/Planes.js">
      <metrics statements="4" coveredstatements="4" conditionals="0" coveredconditionals="0" methods="2" coveredmethods="2"/>
      <line num="3" count="8" type="stmt"/>
      <line num="4" count="8" type="stmt"/>
      <line num="7" count="3" type="stmt"/>
      <line num="11" count="2" type="stmt"/>
    </file>
  </project>
</coverage>
