{"/Users/STE94/Documents/Bootcamp/Week_1/Airports/Airport.js": {"path":"/Users/STE94/Documents/Bootcamp/Week_1/Airports/Airport.js","statementMap":{"0":{"start":{"line":3,"column":23},"end":{"line":3,"column":25}},"1":{"start":{"line":6,"column":8},"end":{"line":6,"column":24}},"2":{"start":{"line":7,"column":8},"end":{"line":7,"column":24}},"3":{"start":{"line":9,"column":8},"end":{"line":9,"column":45}},"4":{"start":{"line":12,"column":8},"end":{"line":12,"column":34}},"5":{"start":{"line":16,"column":18},"end":{"line":16,"column":60}},"6":{"start":{"line":16,"column":45},"end":{"line":16,"column":59}},"7":{"start":{"line":17,"column":8},"end":{"line":17,"column":33}},"8":{"start":{"line":21,"column":0},"end":{"line":21,"column":24}}},"fnMap":{"0":{"name":"(anonymous_0)","decl":{"start":{"line":5,"column":4},"end":{"line":5,"column":5}},"loc":{"start":{"line":5,"column":21},"end":{"line":10,"column":5}},"line":5},"1":{"name":"(anonymous_1)","decl":{"start":{"line":11,"column":4},"end":{"line":11,"column":5}},"loc":{"start":{"line":11,"column":23},"end":{"line":13,"column":5}},"line":11},"2":{"name":"(anonymous_2)","decl":{"start":{"line":14,"column":4},"end":{"line":14,"column":5}},"loc":{"start":{"line":14,"column":23},"end":{"line":18,"column":5}},"line":14},"3":{"name":"(anonymous_3)","decl":{"start":{"line":16,"column":40},"end":{"line":16,"column":41}},"loc":{"start":{"line":16,"column":45},"end":{"line":16,"column":59}},"line":16}},"branchMap":{},"s":{"0":2,"1":8,"2":8,"3":8,"4":5,"5":1,"6":1,"7":1,"8":2},"f":{"0":8,"1":5,"2":1,"3":1},"b":{},"_coverageSchema":"1a1c01bbd47fc00a2c39e90264f33305004495a9","hash":"608ac57a29f3e037d2d58eec4cfbc451a944a890"}
,"/Users/STE94/Documents/Bootcamp/Week_1/Airports/Bag.js": {"path":"/Users/STE94/Documents/Bootcamp/Week_1/Airports/Bag.js","statementMap":{"0":{"start":{"line":4,"column":8},"end":{"line":4,"column":66}},"1":{"start":{"line":4,"column":20},"end":{"line":4,"column":66}},"2":{"start":{"line":5,"column":8},"end":{"line":5,"column":28}},"3":{"start":{"line":10,"column":0},"end":{"line":10,"column":20}}},"fnMap":{"0":{"name":"(anonymous_0)","decl":{"start":{"line":3,"column":4},"end":{"line":3,"column":5}},"loc":{"start":{"line":3,"column":23},"end":{"line":7,"column":5}},"line":3}},"branchMap":{"0":{"loc":{"start":{"line":4,"column":8},"end":{"line":4,"column":66}},"type":"if","locations":[{"start":{"line":4,"column":8},"end":{"line":4,"column":66}},{"start":{"line":4,"column":8},"end":{"line":4,"column":66}}],"line":4}},"s":{"0":9,"1":1,"2":8,"3":1},"f":{"0":9},"b":{"0":[1,8]},"_coverageSchema":"1a1c01bbd47fc00a2c39e90264f33305004495a9","hash":"be8ffb873337efe65c519d687d97136f3e23031d"}
,"/Users/STE94/Documents/Bootcamp/Week_1/Airports/Person.js": {"path":"/Users/STE94/Documents/Bootcamp/Week_1/Airports/Person.js","statementMap":{"0":{"start":{"line":3,"column":8},"end":{"line":3,"column":22}},"1":{"start":{"line":4,"column":8},"end":{"line":4,"column":20}},"2":{"start":{"line":7,"column":8},"end":{"line":7,"column":30}},"3":{"start":{"line":15,"column":8},"end":{"line":15,"column":42}},"4":{"start":{"line":21,"column":8},"end":{"line":21,"column":36}},"5":{"start":{"line":25,"column":0},"end":{"line":25,"column":42}}},"fnMap":{"0":{"name":"(anonymous_0)","decl":{"start":{"line":2,"column":4},"end":{"line":2,"column":5}},"loc":{"start":{"line":2,"column":21},"end":{"line":5,"column":5}},"line":2},"1":{"name":"(anonymous_1)","decl":{"start":{"line":6,"column":4},"end":{"line":6,"column":5}},"loc":{"start":{"line":6,"column":18},"end":{"line":8,"column":5}},"line":6},"2":{"name":"(anonymous_2)","decl":{"start":{"line":14,"column":4},"end":{"line":14,"column":5}},"loc":{"start":{"line":14,"column":19},"end":{"line":16,"column":5}},"line":14},"3":{"name":"(anonymous_3)","decl":{"start":{"line":20,"column":4},"end":{"line":20,"column":5}},"loc":{"start":{"line":20,"column":21},"end":{"line":22,"column":5}},"line":20}},"branchMap":{},"s":{"0":11,"1":11,"2":5,"3":1,"4":1,"5":2},"f":{"0":11,"1":5,"2":1,"3":1},"b":{},"_coverageSchema":"1a1c01bbd47fc00a2c39e90264f33305004495a9","hash":"6df4cc3e780b7dea41efc979cd4b13e0bde10706"}
,"/Users/STE94/Documents/Bootcamp/Week_1/Airports/Planes.js": {"path":"/Users/STE94/Documents/Bootcamp/Week_1/Airports/Planes.js","statementMap":{"0":{"start":{"line":3,"column":8},"end":{"line":3,"column":25}},"1":{"start":{"line":4,"column":8},"end":{"line":4,"column":25}},"2":{"start":{"line":7,"column":8},"end":{"line":7,"column":36}},"3":{"start":{"line":11,"column":0},"end":{"line":11,"column":22}}},"fnMap":{"0":{"name":"(anonymous_0)","decl":{"start":{"line":2,"column":4},"end":{"line":2,"column":5}},"loc":{"start":{"line":2,"column":22},"end":{"line":5,"column":5}},"line":2},"1":{"name":"(anonymous_1)","decl":{"start":{"line":6,"column":4},"end":{"line":6,"column":5}},"loc":{"start":{"line":6,"column":25},"end":{"line":8,"column":5}},"line":6}},"branchMap":{},"s":{"0":8,"1":8,"2":3,"3":2},"f":{"0":8,"1":3},"b":{},"_coverageSchema":"1a1c01bbd47fc00a2c39e90264f33305004495a9","hash":"467a6f190542b264838217a34a76a72e68a66c32"}
}
