TN:
SF:Airport.js
FN:5,(anonymous_0)
FN:11,(anonymous_1)
FN:14,(anonymous_2)
FN:16,(anonymous_3)
FNF:4
FNH:4
FNDA:8,(anonymous_0)
FNDA:5,(anonymous_1)
FNDA:1,(anonymous_2)
FNDA:1,(anonymous_3)
DA:3,2
DA:6,8
DA:7,8
DA:9,8
DA:12,5
DA:16,1
DA:17,1
DA:21,2
LF:8
LH:8
BRF:0
BRH:0
end_of_record
TN:
SF:Bag.js
FN:3,(anonymous_0)
FNF:1
FNH:1
FNDA:9,(anonymous_0)
DA:4,9
DA:5,8
DA:10,1
LF:3
LH:3
BRDA:4,0,0,1
BRDA:4,0,1,8
BRF:2
BRH:2
end_of_record
TN:
SF:Person.js
FN:2,(anonymous_0)
FN:6,(anonymous_1)
FN:14,(anonymous_2)
FN:20,(anonymous_3)
FNF:4
FNH:4
FNDA:11,(anonymous_0)
FNDA:5,(anonymous_1)
FNDA:1,(anonymous_2)
FNDA:1,(anonymous_3)
DA:3,11
DA:4,11
DA:7,5
DA:15,1
DA:21,1
DA:25,2
LF:6
LH:6
BRF:0
BRH:0
end_of_record
TN:
SF:Planes.js
FN:2,(anonymous_0)
FN:6,(anonymous_1)
FNF:2
FNH:2
FNDA:8,(anonymous_0)
FNDA:3,(anonymous_1)
DA:3,8
DA:4,8
DA:7,3
DA:11,2
LF:4
LH:4
BRF:0
BRH:0
end_of_record
